#
# A fatal error has been detected by the Java Runtime Environment:
#
#  Internal Error (classFileParser.cpp:3375), pid=2820, tid=6336
#  Error: ShouldNotReachHere()
#
# JRE version: 6.0_24-b07
# Java VM: Java HotSpot(TM) Client VM (19.1-b02 mixed mode windows-x86 )
# If you would like to submit a bug report, please visit:
#   http://java.sun.com/webapps/bugreport/crash.jsp
#

---------------  T H R E A D  ---------------

Current thread (0x0199a000):  JavaThread "Unknown thread" [_thread_in_vm, id=6336, stack(0x01910000,0x01960000)]

Stack: [0x01910000,0x01960000],  sp=0x0195f87c,  free space=318k
Native frames: (J=compiled Java code, j=interpreted, Vv=VM code, C=native code)
V  [jvm.dll+0x1fa487]
V  [jvm.dll+0xa337b]
V  [jvm.dll+0x747c8]
V  [jvm.dll+0x75fef]
V  [jvm.dll+0x1c9fc5]
V  [jvm.dll+0x1ca826]
V  [jvm.dll+0x1cabd5]
V  [jvm.dll+0x1cac69]
V  [jvm.dll+0x1cad2c]
V  [jvm.dll+0x1cadaa]
V  [jvm.dll+0x1cae8d]
V  [jvm.dll+0x1cb132]
V  [jvm.dll+0x1ea453]
V  [jvm.dll+0x1ea82c]
V  [jvm.dll+0xd9b4c]
V  [jvm.dll+0x1e3b96]
V  [jvm.dll+0x1033b0]
C  [javaw.exe+0x1657]
C  [javaw.exe+0x1e2c]
C  [javaw.exe+0x8614]
C  [kernel32.dll+0x51174]
C  [ntdll.dll+0x5b3f5]
C  [ntdll.dll+0x5b3c8]


---------------  P R O C E S S  ---------------

Java Threads: ( => current thread )

Other Threads:

=>0x0199a000 (exited) JavaThread "Unknown thread" [_thread_in_vm, id=6336, stack(0x01910000,0x01960000)]

VM state:not at safepoint (not fully initialized)

VM Mutex/Monitor currently owned by a thread: None

Dynamic libraries:
0x00400000 - 0x00424000 	C:\Program Files\Java\jre6\bin\javaw.exe
0x77d30000 - 0x77e6c000 	C:\Windows\SYSTEM32\ntdll.dll
0x76d10000 - 0x76de4000 	C:\Windows\system32\kernel32.dll
0x75f00000 - 0x75f4a000 	C:\Windows\system32\KERNELBASE.dll
0x76c70000 - 0x76d10000 	C:\Windows\system32\ADVAPI32.dll
0x767c0000 - 0x7686c000 	C:\Windows\system32\msvcrt.dll
0x763d0000 - 0x763e9000 	C:\Windows\SYSTEM32\sechost.dll
0x76710000 - 0x767b1000 	C:\Windows\system32\RPCRT4.dll
0x76640000 - 0x76709000 	C:\Windows\system32\USER32.dll
0x765f0000 - 0x7663e000 	C:\Windows\system32\GDI32.dll
0x77e90000 - 0x77e9a000 	C:\Windows\system32\LPK.dll
0x76480000 - 0x7651d000 	C:\Windows\system32\USP10.dll
0x77e70000 - 0x77e8f000 	C:\Windows\system32\IMM32.DLL
0x76520000 - 0x765ec000 	C:\Windows\system32\MSCTF.dll
0x7c340000 - 0x7c396000 	C:\Program Files\Java\jre6\bin\msvcr71.dll
0x6d7f0000 - 0x6da96000 	C:\Program Files\Java\jre6\bin\client\jvm.dll
0x74080000 - 0x740b2000 	C:\Windows\system32\WINMM.dll
0x75db0000 - 0x75dfb000 	C:\Windows\system32\apphelp.dll
0x6d7a0000 - 0x6d7ac000 	C:\Program Files\Java\jre6\bin\verify.dll
0x6d320000 - 0x6d33f000 	C:\Program Files\Java\jre6\bin\java.dll
0x6d280000 - 0x6d288000 	C:\Program Files\Java\jre6\bin\hpi.dll
0x768c0000 - 0x768c5000 	C:\Windows\system32\PSAPI.DLL
0x6d370000 - 0x6d399000 	C:\Program Files\Java\jre6\bin\jdwp.dll
0x6d690000 - 0x6d696000 	C:\Program Files\Java\jre6\bin\npt.dll
0x6d7e0000 - 0x6d7ef000 	C:\Program Files\Java\jre6\bin\zip.dll

VM Arguments:
jvm_args: -agentlib:jdwp=transport=dt_socket,suspend=y,address=localhost:55885 -Dfile.encoding=UTF-8 -Xbootclasspath:E:\Program Files\android dev\android-sdk_r10-windows\android-sdk_r10-windows\android-sdk-windows\platforms\android-2.2_r02-windows\android.jar 
java_command: ClouDesk.AppWindow
Launcher Type: SUN_STANDARD

Environment Variables:
PATH=C:/Program Files/Java/jre6/bin/client;C:/Program Files/Java/jre6/bin;C:/Program Files/Java/jre6/lib/i386;C:\Program Files\ATI Stream\bin\x86;C:\Users\magicddhm\Documents\AMD APP\bin\x86;C:\Program Files\AMD APP\bin\x86;C:\Windows\system32;C:\Windows;C:\Windows\System32\Wbem;C:\Windows\System32\WindowsPowerShell\v1.0\;C:\Program Files\ATI Technologies\ATI.ACE\Core-Static;C:\Program Files\Common Files\Thunder Network\KanKan\Codecs;C:\Program Files\TortoiseSVN\bin;C:\Program Files\Microsoft SQL Server\90\Tools\binn\;C:\Program Files\ATI Technologies11.5\ATI.ACE\Core-Static;C:\Program Files\AMD APP\Tools\AMD APP KernelAnalyzer 1.8\;e:\Program Files\SSH Communications Security\SSH Secure Shell;E:\android-sdk_r06-windows\android-sdk-windows\tools;E:\Program Files\Google\google_appengine\;E:\Program Files\android dev\eclipse\eclipse;
USERNAME=magicddhm
OS=Windows_NT
PROCESSOR_IDENTIFIER=x86 Family 6 Model 30 Stepping 5, GenuineIntel



---------------  S Y S T E M  ---------------

OS: Windows 7 Build 7600 

CPU:total 8 (4 cores per cpu, 2 threads per core) family 6 model 30 stepping 5, cmov, cx8, fxsr, mmx, sse, sse2, sse3, ssse3, sse4.1, sse4.2, popcnt, ht

Memory: 4k page, physical 3593772k(1464180k free), swap 7185780k(4127560k free)

vm_info: Java HotSpot(TM) Client VM (19.1-b02) for windows-x86 JRE (1.6.0_24-b07), built on Feb  2 2011 17:44:41 by "java_re" with MS VC++ 7.1 (VS2003)

time: Fri Jul 01 18:17:06 2011
elapsed time: 0 seconds

